<?xml version="1.0" encoding="UTF-8"?>
<!-- Generated by org.testng.reporters.JUnitReportReporter -->
<testsuite hostname="Rishitha_Maturi" failures="0" tests="2" name="testCases.TC001_AccountRegistrationTest" time="3.766" errors="0" timestamp="2025-02-11T22:10:51 IST" skipped="0">
  <testcase classname="testCases.TC001_AccountRegistrationTest" name="verify_account_registration" time="1.735"/>
  <testcase classname="testCases.TC001_AccountRegistrationTest" name="verify_account_registration" time="2.031"/>
</testsuite> <!-- testCases.TC001_AccountRegistrationTest -->
