<?xml version="1.0" encoding="UTF-8"?>
<!-- Generated by org.testng.reporters.JUnitReportReporter -->
<testsuite hostname="Rishitha_Maturi" failures="0" tests="5" name="testCases.TC003_LoginDDT" time="16.088" errors="0" timestamp="2025-02-09T21:36:22 IST" skipped="0">
  <testcase classname="testCases.TC003_LoginDDT" name="verify_loginDDT" time="1.157"/>
  <testcase classname="testCases.TC003_LoginDDT" name="verify_loginDDT" time="1.384"/>
  <testcase classname="testCases.TC003_LoginDDT" name="verify_loginDDT" time="10.835"/>
  <testcase classname="testCases.TC003_LoginDDT" name="verify_loginDDT" time="1.352"/>
  <testcase classname="testCases.TC003_LoginDDT" name="verify_loginDDT" time="1.360"/>
</testsuite> <!-- testCases.TC003_LoginDDT -->
