<?xml version="1.0" encoding="UTF-8"?>
<!-- Generated by org.testng.reporters.JUnitReportReporter -->
<testsuite hostname="Rishitha_Maturi" failures="0" tests="2" name="testCases.TC002_LoginTest" time="2.373" errors="0" timestamp="2025-02-11T22:10:51 IST" skipped="0">
  <testcase classname="testCases.TC002_LoginTest" name="verify_login" time="1.248"/>
  <testcase classname="testCases.TC002_LoginTest" name="verify_login" time="1.125"/>
</testsuite> <!-- testCases.TC002_LoginTest -->
