<?xml version="1.0" encoding="UTF-8"?>
<!-- Generated by org.testng.reporters.JUnitReportReporter -->
<testsuite hostname="Rishitha_Maturi" failures="0" tests="1" name="testCases.TC001_AccountRegistrationTest" time="1.689" errors="0" timestamp="2025-02-13T17:42:14 IST" skipped="0">
  <testcase classname="testCases.TC001_AccountRegistrationTest" name="verify_account_registration" time="1.689"/>
</testsuite> <!-- testCases.TC001_AccountRegistrationTest -->
